<?xml version="1.0" encoding="UTF-8"?>
<!-- Generated by org.testng.reporters.JUnitXMLReporter -->
<testsuite ignored="0" hostname="ALTRAVIOENGINE" failures="1" tests="1" name="LoginTest" time="19.259" errors="0" timestamp="2025-01-16T12:10:03 IST">
  <testcase classname="com.qa.testscripts.CustomerSubmitOrderTest" name="validOrderSubmit" time="12.34">
    <failure type="java.lang.NullPointerException" message="Cannot invoke &amp;quot;org.openqa.selenium.WebElement.findElement(org.openqa.selenium.By)&amp;quot; because the return value of &amp;quot;com.qa.pages.CustomerAddToCartPages.getProductByName(String)&amp;quot; is null">
      <![CDATA[java.lang.NullPointerException: Cannot invoke "org.openqa.selenium.WebElement.findElement(org.openqa.selenium.By)" because the return value of "com.qa.pages.CustomerAddToCartPages.getProductByName(String)" is null
at com.qa.pages.CustomerAddToCartPages.addProductToCart(CustomerAddToCartPages.java:50)
at com.qa.testscripts.CustomerSubmitOrderTest.validOrderSubmit(CustomerSubmitOrderTest.java:11)
at java.base/java.util.ArrayList.forEach(ArrayList.java:1596)
... Removed 25 stack frames]]>
    </failure>
  </testcase> <!-- validOrderSubmit -->
</testsuite> <!-- LoginTest -->
