<?xml version="1.0" encoding="UTF-8"?>
<!-- Generated by org.testng.reporters.JUnitXMLReporter -->
<testsuite ignored="0" hostname="ALTRAVIOENGINE" failures="0" tests="3" name="Test" time="3.344" errors="0" timestamp="2025-01-01T12:09:00 IST">
  <testcase classname="com.qa.testscripts.RahulShettyDemo" name="main" time="3.286"/>
  <testcase classname="com.qa.testscripts.RahulShettyDemo" name="method3" time="0.003"/>
  <testcase classname="com.qa.testscripts.RahulShettyDemo" name="method2" time="0.004"/>
</testsuite> <!-- Test -->
