<?xml version="1.0" encoding="UTF-8"?>
<testng-results ignored="0" total="1" passed="0" failed="1" skipped="0">
  <reporter-output>
  </reporter-output>
  <suite started-at="2025-01-16T12:09:44 IST" name="Suite" finished-at="2025-01-16T12:10:03 IST" duration-ms="19259">
    <groups>
    </groups>
    <test started-at="2025-01-16T12:09:44 IST" name="LoginTest" finished-at="2025-01-16T12:10:03 IST" duration-ms="19259">
      <class name="com.qa.testscripts.CustomerSubmitOrderTest">
        <test-method is-config="true" signature="setup()[pri:0, instance:com.qa.testscripts.CustomerSubmitOrderTest@5c33f1a9]" started-at="2025-01-16T12:09:44 IST" name="setup" finished-at="2025-01-16T12:09:50 IST" duration-ms="6598" status="PASS">
          <reporter-output>
          </reporter-output>
        </test-method> <!-- setup -->
        <test-method signature="validOrderSubmit(java.lang.String,java.lang.String,java.lang.String,java.lang.String,java.lang.String,java.lang.String,java.lang.String,java.lang.String,java.lang.String,java.lang.String)[pri:0, instance:com.qa.testscripts.CustomerSubmitOrderTest@5c33f1a9]" started-at="2025-01-16T12:09:50 IST" name="validOrderSubmit" data-provider="getCredentials" finished-at="2025-01-16T12:10:03 IST" duration-ms="12340" status="FAIL">
          <params>
            <param index="0">
              <value>
                <![CDATA[shavkatrakhmonov@gmail.com]]>
              </value>
            </param>
            <param index="1">
              <value>
                <![CDATA[Shavkat@2021]]>
              </value>
            </param>
            <param index="2">
              <value>
                <![CDATA[ADIDAS ORIGINAL]]>
              </value>
            </param>
            <param index="3">
              <value>
                <![CDATA[Cart]]>
              </value>
            </param>
            <param index="4">
              <value>
                <![CDATA[1234 5678 9123 4567]]>
              </value>
            </param>
            <param index="5">
              <value>
                <![CDATA[12]]>
              </value>
            </param>
            <param index="6">
              <value>
                <![CDATA[27]]>
              </value>
            </param>
            <param index="7">
              <value>
                <![CDATA[056]]>
              </value>
            </param>
            <param index="8">
              <value>
                <![CDATA[Shavkat R]]>
              </value>
            </param>
            <param index="9">
              <value>
                <![CDATA[india]]>
              </value>
            </param>
          </params>
          <exception class="java.lang.NullPointerException">
            <message>
              <![CDATA[Cannot invoke "org.openqa.selenium.WebElement.findElement(org.openqa.selenium.By)" because the return value of "com.qa.pages.CustomerAddToCartPages.getProductByName(String)" is null]]>
            </message>
            <full-stacktrace>
              <![CDATA[java.lang.NullPointerException: Cannot invoke "org.openqa.selenium.WebElement.findElement(org.openqa.selenium.By)" because the return value of "com.qa.pages.CustomerAddToCartPages.getProductByName(String)" is null
at com.qa.pages.CustomerAddToCartPages.addProductToCart(CustomerAddToCartPages.java:50)
at com.qa.testscripts.CustomerSubmitOrderTest.validOrderSubmit(CustomerSubmitOrderTest.java:11)
at java.base/jdk.internal.reflect.DirectMethodHandleAccessor.invoke(DirectMethodHandleAccessor.java:103)
at java.base/java.lang.reflect.Method.invoke(Method.java:580)
at org.testng.internal.MethodInvocationHelper.invokeMethod(MethodInvocationHelper.java:133)
at org.testng.internal.TestInvoker.invokeMethod(TestInvoker.java:598)
at org.testng.internal.TestInvoker.invokeTestMethod(TestInvoker.java:173)
at org.testng.internal.MethodRunner.runInSequence(MethodRunner.java:46)
at org.testng.internal.TestInvoker$MethodInvocationAgent.invoke(TestInvoker.java:824)
at org.testng.internal.TestInvoker.invokeTestMethods(TestInvoker.java:146)
at org.testng.internal.TestMethodWorker.invokeTestMethods(TestMethodWorker.java:146)
at org.testng.internal.TestMethodWorker.run(TestMethodWorker.java:128)
at java.base/java.util.ArrayList.forEach(ArrayList.java:1596)
at org.testng.TestRunner.privateRun(TestRunner.java:794)
at org.testng.TestRunner.run(TestRunner.java:596)
at org.testng.SuiteRunner.runTest(SuiteRunner.java:377)
at org.testng.SuiteRunner.runSequentially(SuiteRunner.java:371)
at org.testng.SuiteRunner.privateRun(SuiteRunner.java:332)
at org.testng.SuiteRunner.run(SuiteRunner.java:276)
at org.testng.SuiteRunnerWorker.runSuite(SuiteRunnerWorker.java:53)
at org.testng.SuiteRunnerWorker.run(SuiteRunnerWorker.java:96)
at org.testng.TestNG.runSuitesSequentially(TestNG.java:1212)
at org.testng.TestNG.runSuitesLocally(TestNG.java:1134)
at org.testng.TestNG.runSuites(TestNG.java:1063)
at org.testng.TestNG.run(TestNG.java:1031)
at org.testng.remote.AbstractRemoteTestNG.run(AbstractRemoteTestNG.java:115)
at org.testng.remote.RemoteTestNG.initAndRun(RemoteTestNG.java:293)
at org.testng.remote.RemoteTestNG.main(RemoteTestNG.java:91)
]]>
            </full-stacktrace>
          </exception> <!-- java.lang.NullPointerException -->
          <reporter-output>
          </reporter-output>
        </test-method> <!-- validOrderSubmit -->
        <test-method is-config="true" signature="tearDown()[pri:0, instance:com.qa.testscripts.CustomerSubmitOrderTest@5c33f1a9]" started-at="2025-01-16T12:10:03 IST" name="tearDown" finished-at="2025-01-16T12:10:03 IST" duration-ms="273" status="PASS">
          <reporter-output>
          </reporter-output>
        </test-method> <!-- tearDown -->
      </class> <!-- com.qa.testscripts.CustomerSubmitOrderTest -->
    </test> <!-- LoginTest -->
  </suite> <!-- Suite -->
</testng-results>
